[21:27:07][INFO] 日志文件: outputs/logs\astar_random_20260416_212707.log
[21:27:07][INFO] ========== 开始用例: random ==========
[21:27:07][INFO] 地图大小: 26 x 26 | Agent数: 10
[21:27:07][DEBUG]   Agent 0: (15, 15) -> (5, 14)
[21:27:07][DEBUG]   Agent 1: (14, 19) -> (16, 14)
[21:27:07][DEBUG]   Agent 2: (16, 8) -> (20, 19)
[21:27:07][DEBUG]   Agent 3: (10, 20) -> (7, 7)
[21:27:07][DEBUG]   Agent 4: (20, 7) -> (10, 8)
[21:27:07][DEBUG]   Agent 5: (6, 16) -> (12, 15)
[21:27:07][DEBUG]   Agent 6: (8, 5) -> (19, 8)
[21:27:07][DEBUG]   Agent 7: (8, 18) -> (10, 19)
[21:27:07][DEBUG]   Agent 8: (10, 18) -> (10, 13)
[21:27:07][DEBUG]   Agent 9: (7, 5) -> (13, 16)
[21:27:07][INFO]   Agent 0 规划路径长度: 12
[21:27:07][INFO]   Agent 1 规划路径长度: 8
[21:27:07][INFO]   Agent 2 规划路径长度: 24
[21:27:07][INFO]   Agent 3 规划路径长度: 18
[21:27:07][INFO]   Agent 4 规划路径长度: 16
[21:27:07][INFO]   Agent 5 规划路径长度: 8
[21:27:07][INFO]   Agent 6 规划路径长度: 15
[21:27:07][INFO]   Agent 7 规划路径长度: 4
[21:27:07][INFO]   Agent 8 规划路径长度: 6
[21:27:07][INFO]   Agent 9 规划路径长度: 18
[21:27:07][INFO] ==================================================
[21:27:07][INFO] 测试用例: random
[21:27:07][INFO] 仿真步数: 23
[21:27:07][INFO] 总奖励:   10.00
[21:27:07][INFO] 结束原因: 所有智能体到达目标 ✓
[21:27:07][INFO] --------------------------------------------------
[21:27:07][INFO]   Agent 0: ✓ 到达 | 路径长=12 | 阻塞次数=0
[21:27:07][INFO]   Agent 1: ✓ 到达 | 路径长=8 | 阻塞次数=0
[21:27:07][INFO]   Agent 2: ✓ 到达 | 路径长=24 | 阻塞次数=0
[21:27:07][INFO]   Agent 3: ✓ 到达 | 路径长=18 | 阻塞次数=0
[21:27:07][INFO]   Agent 4: ✓ 到达 | 路径长=16 | 阻塞次数=0
[21:27:07][INFO]   Agent 5: ✓ 到达 | 路径长=8 | 阻塞次数=0
[21:27:07][INFO]   Agent 6: ✓ 到达 | 路径长=15 | 阻塞次数=0
[21:27:07][INFO]   Agent 7: ✓ 到达 | 路径长=4 | 阻塞次数=0
[21:27:07][INFO]   Agent 8: ✓ 到达 | 路径长=6 | 阻塞次数=0
[21:27:07][INFO]   Agent 9: ✓ 到达 | 路径长=18 | 阻塞次数=0
[21:27:07][INFO] ==================================================
[21:27:07][INFO] 动画已保存: outputs/animations\astar_random.svg
