[21:27:07][INFO] 日志文件: outputs/logs\astar_crossroad_20260416_212707.log
[21:27:07][INFO] ========== 开始用例: crossroad ==========
[21:27:07][INFO] 地图大小: 18 x 18 | Agent数: 4
[21:27:07][DEBUG]   Agent 0: (5, 8) -> (11, 8)
[21:27:07][DEBUG]   Agent 1: (8, 9) -> (9, 8)
[21:27:07][DEBUG]   Agent 2: (8, 11) -> (8, 5)
[21:27:07][DEBUG]   Agent 3: (8, 8) -> (8, 7)
[21:27:07][INFO]   Agent 0 规划路径长度: 7
[21:27:07][INFO]   Agent 1 规划路径长度: 3
[21:27:07][INFO]   Agent 2 规划路径长度: 8
[21:27:07][INFO]   Agent 3 规划路径长度: 2
[21:27:07][DEBUG]   [t=0] Agent 1 阻塞! 期望(8,8) 实际停在(8, 9)
[21:27:07][DEBUG]   [t=2] Agent 0 阻塞! 期望(8,8) 实际停在(7, 8)
[21:27:07][DEBUG]   [t=3] Agent 2 阻塞! 期望(8,8) 实际停在(8, 9)
[21:27:07][INFO] ==================================================
[21:27:07][INFO] 测试用例: crossroad
[21:27:07][INFO] 仿真步数: 8
[21:27:07][INFO] 总奖励:   4.00
[21:27:07][INFO] 结束原因: 所有智能体到达目标 ✓
[21:27:07][INFO] --------------------------------------------------
[21:27:07][INFO]   Agent 0: ✓ 到达 | 路径长=7 | 阻塞次数=1
[21:27:07][INFO]   Agent 1: ✓ 到达 | 路径长=3 | 阻塞次数=1
[21:27:07][INFO]   Agent 2: ✓ 到达 | 路径长=8 | 阻塞次数=1
[21:27:07][INFO]   Agent 3: ✓ 到达 | 路径长=2 | 阻塞次数=0
[21:27:07][INFO] ==================================================
[21:27:07][INFO] 动画已保存: outputs/animations\astar_crossroad.svg
