[21:27:07][INFO] 日志文件: outputs/logs\astar_follow_20260416_212707.log
[21:27:07][INFO] ========== 开始用例: follow ==========
[21:27:07][INFO] 地图大小: 18 x 18 | Agent数: 3
[21:27:07][DEBUG]   Agent 0: (6, 8) -> (6, 7)
[21:27:07][DEBUG]   Agent 1: (8, 9) -> (6, 9)
[21:27:07][DEBUG]   Agent 2: (6, 6) -> (7, 9)
[21:27:07][INFO]   Agent 0 规划路径长度: 2
[21:27:07][INFO]   Agent 1 规划路径长度: 3
[21:27:07][INFO]   Agent 2 规划路径长度: 106
[21:27:07][INFO] ==================================================
[21:27:07][INFO] 测试用例: follow
[21:27:07][INFO] 仿真步数: 64
[21:27:07][INFO] 总奖励:   2.00
[21:27:07][INFO] 结束原因: 达到最大步数 ✗
[21:27:07][INFO] --------------------------------------------------
[21:27:07][INFO]   Agent 0: ✓ 到达 | 路径长=2 | 阻塞次数=0
[21:27:07][INFO]   Agent 1: ✓ 到达 | 路径长=3 | 阻塞次数=0
[21:27:07][INFO]   Agent 2: ✗ 未到达 | 路径长=106 | 阻塞次数=0
[21:27:07][INFO] ==================================================
[21:27:07][INFO] 动画已保存: outputs/animations\astar_follow.svg
