[20:22:46][INFO] 日志文件: outputs/logs\warehouse_agv_20260615_202246.log
[20:22:46][INFO] Warehouse AGV simulation
[20:22:46][INFO] Task T001: S18(7, 6) -> INBOUND(14, 8)
[20:22:46][INFO] Task T002: S1(1, 3) -> PACKING(14, 11)
[20:22:46][INFO] Task T003: S18(7, 6) -> OUTBOUND(14, 14)
[20:22:46][INFO] Task T004: S20(7, 13) -> PACKING(14, 11)
[20:22:46][INFO] Task T005: S2(1, 4) -> INBOUND(14, 8)
[20:22:46][INFO] Task T006: S9(6, 3) -> INBOUND(14, 8)
[20:22:46][INFO] Task T007: S17(7, 3) -> OUTBOUND(14, 14)
[20:22:46][INFO] Task T008: S1(1, 3) -> INBOUND(14, 8)
[20:22:46][INFO] Task T009: S5(1, 10) -> OUTBOUND(14, 14)
[20:22:46][INFO] Task T010: S1(1, 3) -> INBOUND(14, 8)
[20:22:46][INFO] Task T011: S11(6, 6) -> PACKING(14, 11)
[20:22:46][INFO] Task T012: S23(12, 11) -> OUTBOUND(14, 14)
[20:22:46][INFO] Task T013: S1(1, 3) -> PACKING(14, 11)
[20:22:46][INFO] Task T014: S6(1, 11) -> PACKING(14, 11)
[20:22:46][INFO] Task T015: S21(12, 4) -> OUTBOUND(14, 14)
[20:22:46][INFO] Task T016: S10(6, 4) -> INBOUND(14, 8)
[20:22:46][INFO] AGV 0: tasks=['T012', 'T009'], path_length=93
[20:22:46][INFO] AGV 1: tasks=['T015', 'T014'], path_length=98
[20:22:46][INFO] AGV 2: tasks=['T001', 'T007'], path_length=89
[20:22:46][INFO] AGV 3: tasks=['T003', 'T010'], path_length=113
[20:22:46][INFO] AGV 4: tasks=['T006', 'T008'], path_length=103
[20:22:46][INFO] AGV 5: tasks=['T016', 'T005'], path_length=1
[20:22:46][INFO] AGV 6: tasks=['T004', 'T013'], path_length=1
[20:22:46][INFO] AGV 7: tasks=['T011', 'T002'], path_length=122
[20:22:46][INFO] 
Route plan:
  AGV 0: tasks=['T012', 'T009'], planned_edges=92
    T012: (14, 1) -> S23(12, 11) (12 edges), then OUTBOUND(14, 14) (5 edges)
    T009: (14, 14) -> S5(1, 10) (17 edges), then OUTBOUND(14, 14) (17 edges)
    travel_edges=51, operation_wait_edges=12, avoidance_edges=29
  AGV 1: tasks=['T015', 'T014'], planned_edges=97
    T015: (14, 2) -> S21(12, 4) (4 edges), then OUTBOUND(14, 14) (12 edges)
    T014: (14, 14) -> S6(1, 11) (16 edges), then PACKING(14, 11) (15 edges)
    travel_edges=47, operation_wait_edges=12, avoidance_edges=38
  AGV 2: tasks=['T001', 'T007'], planned_edges=88
    T001: (14, 3) -> S18(7, 6) (10 edges), then INBOUND(14, 8) (9 edges)
    T007: (14, 8) -> S17(7, 3) (12 edges), then OUTBOUND(14, 14) (18 edges)
    travel_edges=49, operation_wait_edges=12, avoidance_edges=27
  AGV 3: tasks=['T003', 'T010'], planned_edges=112
    T003: (14, 4) -> S18(7, 6) (9 edges), then OUTBOUND(14, 14) (15 edges)
    T010: (14, 14) -> S1(1, 3) (24 edges), then INBOUND(14, 8) (18 edges)
    travel_edges=66, operation_wait_edges=12, avoidance_edges=34
  AGV 4: tasks=['T006', 'T008'], planned_edges=102
    T006: (13, 1) -> S9(6, 3) (9 edges), then INBOUND(14, 8) (13 edges)
    T008: (14, 8) -> S1(1, 3) (18 edges), then INBOUND(14, 8) (18 edges)
    travel_edges=58, operation_wait_edges=12, avoidance_edges=32
  AGV 5: tasks=['T016', 'T005'], planned_edges=0
    T016: (13, 2) -> S10(6, 4) (9 edges), then INBOUND(14, 8) (12 edges)
    T005: (14, 8) -> S2(1, 4) (17 edges), then INBOUND(14, 8) (17 edges)
    travel_edges=55, operation_wait_edges=12, avoidance_edges=-67
  AGV 6: tasks=['T004', 'T013'], planned_edges=0
    T004: (13, 3) -> S20(7, 13) (16 edges), then PACKING(14, 11) (9 edges)
    T013: (14, 11) -> S1(1, 3) (21 edges), then PACKING(14, 11) (21 edges)
    travel_edges=67, operation_wait_edges=12, avoidance_edges=-79
  AGV 7: tasks=['T011', 'T002'], planned_edges=121
    T011: (13, 4) -> S11(6, 6) (9 edges), then PACKING(14, 11) (13 edges)
    T002: (14, 11) -> S1(1, 3) (21 edges), then PACKING(14, 11) (21 edges)
    travel_edges=64, operation_wait_edges=12, avoidance_edges=45
[20:22:46][INFO] ==================================================
[20:22:46][INFO] 测试用例: warehouse_agv
[20:22:46][INFO] 仿真步数: 768
[20:22:46][INFO] 总奖励:   6.00
[20:22:46][INFO] 结束原因: 达到最大步数 ✗
[20:22:46][INFO] --------------------------------------------------
[20:22:46][INFO]   Agent 0: ✓ 到达 | 路径长=93 | 阻塞次数=0
[20:22:46][INFO]   Agent 1: ✓ 到达 | 路径长=98 | 阻塞次数=0
[20:22:46][INFO]   Agent 2: ✓ 到达 | 路径长=89 | 阻塞次数=0
[20:22:46][INFO]   Agent 3: ✓ 到达 | 路径长=113 | 阻塞次数=0
[20:22:46][INFO]   Agent 4: ✗ 未到达 | 路径长=103 | 阻塞次数=701
[20:22:46][INFO]   Agent 5: ✓ 到达 | 路径长=1 | 阻塞次数=0
[20:22:46][INFO]   Agent 6: ✓ 到达 | 路径长=1 | 阻塞次数=0
[20:22:46][INFO]   Agent 7: ✗ 未到达 | 路径长=122 | 阻塞次数=704
[20:22:46][INFO] ==================================================
[20:22:46][INFO] Animation saved: outputs/animations\warehouse_agv.svg
[20:22:46][INFO] Enhanced animation saved: outputs/animations/warehouse_agv_enhanced.svg
