[19:15:34][INFO] 日志文件: outputs/logs\warehouse_agv_20260615_191534.log
[19:15:34][INFO] Warehouse AGV simulation
[19:15:34][INFO] Task T001: S8(6, 13) -> INBOUND(14, 8)
[19:15:34][INFO] Task T002: S1(1, 3) -> PACKING(14, 11)
[19:15:34][INFO] Task T003: S2(1, 6) -> INBOUND(14, 8)
[19:15:34][INFO] Task T004: S12(12, 13) -> INBOUND(14, 8)
[19:15:34][INFO] AGV 0: tasks=[], path_length=1
[19:15:34][INFO] AGV 1: tasks=['T002', 'T004'], path_length=47
[19:15:34][INFO] AGV 2: tasks=[], path_length=1
[19:15:34][INFO] AGV 3: tasks=['T001', 'T003'], path_length=148
[19:15:34][INFO] ==================================================
[19:15:34][INFO] 测试用例: warehouse_agv
[19:15:34][INFO] 仿真步数: 46
[19:15:34][INFO] 总奖励:   4.00
[19:15:34][INFO] 结束原因: 所有智能体到达目标 ✓
[19:15:34][INFO] --------------------------------------------------
[19:15:34][INFO]   Agent 0: ✓ 到达 | 路径长=1 | 阻塞次数=0
[19:15:34][INFO]   Agent 1: ✓ 到达 | 路径长=47 | 阻塞次数=0
[19:15:34][INFO]   Agent 2: ✓ 到达 | 路径长=1 | 阻塞次数=0
[19:15:34][INFO]   Agent 3: ✓ 到达 | 路径长=148 | 阻塞次数=0
[19:15:34][INFO] ==================================================
[19:15:34][INFO] Animation saved: outputs/animations\warehouse_agv.svg
