[19:49:42][INFO] 日志文件: outputs/logs\warehouse_agv_20260615_194942.log
[19:49:42][INFO] Warehouse AGV simulation
[19:49:42][INFO] Task T001: S1(1, 3) -> OUTBOUND(14, 14)
[19:49:42][INFO] Task T002: S3(1, 10) -> PACKING(14, 11)
[19:49:42][INFO] Task T003: S12(12, 13) -> INBOUND(14, 8)
[19:49:42][INFO] Task T004: S6(6, 6) -> OUTBOUND(14, 14)
[19:49:42][INFO] Task T005: S8(6, 13) -> PACKING(14, 11)
[19:49:42][INFO] Task T006: S10(12, 6) -> OUTBOUND(14, 14)
[19:49:42][INFO] Task T007: S4(1, 13) -> INBOUND(14, 8)
[19:49:42][INFO] Task T008: S11(12, 10) -> PACKING(14, 11)
[19:49:42][INFO] AGV 0: tasks=['T008', 'T005'], path_length=63
[19:49:42][INFO] AGV 1: tasks=['T006', 'T002'], path_length=83
[19:49:42][INFO] AGV 2: tasks=['T003', 'T007'], path_length=88
[19:49:42][INFO] AGV 3: tasks=['T004', 'T001'], path_length=115
[19:49:42][INFO] 
Route plan:
  AGV 0: tasks=['T008', 'T005'], planned_edges=62
    T008: (14, 1) -> S11(12, 10) (11 edges), then PACKING(14, 11) (3 edges)
    T005: (14, 11) -> S8(6, 13) (10 edges), then PACKING(14, 11) (10 edges)
    travel_edges=34, operation_wait_edges=12, avoidance_edges=16
  AGV 1: tasks=['T006', 'T002'], planned_edges=82
    T006: (14, 2) -> S10(12, 6) (6 edges), then OUTBOUND(14, 14) (10 edges)
    T002: (14, 14) -> S3(1, 10) (17 edges), then PACKING(14, 11) (16 edges)
    travel_edges=49, operation_wait_edges=12, avoidance_edges=21
  AGV 2: tasks=['T003', 'T007'], planned_edges=87
    T003: (14, 3) -> S12(12, 13) (12 edges), then INBOUND(14, 8) (7 edges)
    T007: (14, 8) -> S4(1, 13) (18 edges), then INBOUND(14, 8) (18 edges)
    travel_edges=55, operation_wait_edges=12, avoidance_edges=20
  AGV 3: tasks=['T004', 'T001'], planned_edges=114
    T004: (14, 4) -> S6(6, 6) (10 edges), then OUTBOUND(14, 14) (16 edges)
    T001: (14, 14) -> S1(1, 3) (24 edges), then OUTBOUND(14, 14) (24 edges)
    travel_edges=74, operation_wait_edges=12, avoidance_edges=28
[19:49:43][INFO] ==================================================
[19:49:43][INFO] 测试用例: warehouse_agv
[19:49:43][INFO] 仿真步数: 85
[19:49:43][INFO] 总奖励:   4.00
[19:49:43][INFO] 结束原因: 所有智能体到达目标 ✓
[19:49:43][INFO] --------------------------------------------------
[19:49:43][INFO]   Agent 0: ✓ 到达 | 路径长=63 | 阻塞次数=10
[19:49:43][INFO]   Agent 1: ✓ 到达 | 路径长=83 | 阻塞次数=6
[19:49:43][INFO]   Agent 2: ✓ 到达 | 路径长=88 | 阻塞次数=3
[19:49:43][INFO]   Agent 3: ✓ 到达 | 路径长=115 | 阻塞次数=0
[19:49:43][INFO] ==================================================
[19:49:43][INFO] Animation saved: outputs/animations\warehouse_agv.svg
[19:49:43][INFO] Enhanced animation saved: outputs/animations/warehouse_agv_enhanced.svg
