[19:24:55][INFO] 日志文件: outputs/logs\warehouse_agv_20260615_192455.log
[19:24:55][INFO] Warehouse AGV simulation
[19:24:55][INFO] Task T001: S1(1, 3) -> OUTBOUND(14, 14)
[19:24:55][INFO] Task T002: S3(1, 10) -> PACKING(14, 11)
[19:24:55][INFO] Task T003: S12(12, 13) -> INBOUND(14, 8)
[19:24:55][INFO] Task T004: S6(6, 6) -> OUTBOUND(14, 14)
[19:24:55][INFO] Task T005: S8(6, 13) -> PACKING(14, 11)
[19:24:55][INFO] Task T006: S10(12, 6) -> OUTBOUND(14, 14)
[19:24:55][INFO] Task T007: S4(1, 13) -> INBOUND(14, 8)
[19:24:55][INFO] Task T008: S11(12, 10) -> PACKING(14, 11)
[19:24:55][INFO] AGV 0: tasks=[], path_length=1
[19:24:55][INFO] AGV 1: tasks=['T001', 'T002', 'T003', 'T004', 'T005', 'T007', 'T008'], path_length=170
[19:24:55][INFO] AGV 2: tasks=[], path_length=1
[19:24:55][INFO] AGV 3: tasks=['T006'], path_length=15
[19:24:55][INFO] 
Route plan:
  AGV 0: tasks=[], planned_edges=0
    baseline_edges=0, extra_edges=0
  AGV 1: tasks=['T001', 'T002', 'T003', 'T004', 'T005', 'T007', 'T008'], planned_edges=169
    T001: (14, 2) -> S1(1, 3) (14 edges), then OUTBOUND(14, 14) (24 edges)
    T002: (14, 14) -> S3(1, 10) (17 edges), then PACKING(14, 11) (16 edges)
    T003: (14, 11) -> S12(12, 13) (4 edges), then INBOUND(14, 8) (7 edges)
    T004: (14, 8) -> S6(6, 6) (10 edges), then OUTBOUND(14, 14) (16 edges)
    T005: (14, 14) -> S8(6, 13) (11 edges), then PACKING(14, 11) (10 edges)
    T007: (14, 11) -> S4(1, 13) (15 edges), then INBOUND(14, 8) (18 edges)
    T008: (14, 8) -> S11(12, 10) (4 edges), then PACKING(14, 11) (3 edges)
    baseline_edges=169, extra_edges=0
  AGV 2: tasks=[], planned_edges=0
    baseline_edges=0, extra_edges=0
  AGV 3: tasks=['T006'], planned_edges=14
    T006: (14, 4) -> S10(12, 6) (4 edges), then OUTBOUND(14, 14) (10 edges)
    baseline_edges=14, extra_edges=0
[19:24:55][INFO] ==================================================
[19:24:55][INFO] 测试用例: warehouse_agv
[19:24:55][INFO] 仿真步数: 71
[19:24:55][INFO] 总奖励:   4.00
[19:24:55][INFO] 结束原因: 所有智能体到达目标 ✓
[19:24:55][INFO] --------------------------------------------------
[19:24:55][INFO]   Agent 0: ✓ 到达 | 路径长=1 | 阻塞次数=0
[19:24:55][INFO]   Agent 1: ✓ 到达 | 路径长=170 | 阻塞次数=0
[19:24:55][INFO]   Agent 2: ✓ 到达 | 路径长=1 | 阻塞次数=0
[19:24:55][INFO]   Agent 3: ✓ 到达 | 路径长=15 | 阻塞次数=0
[19:24:55][INFO] ==================================================
[19:24:55][INFO] Animation saved: outputs/animations\warehouse_agv.svg
