[20:24:40][INFO] 日志文件: outputs/logs\warehouse_agv_20260615_202440.log
[20:24:40][INFO] Warehouse AGV simulation
[20:24:40][INFO] Task T001: S18(7, 6) -> INBOUND(14, 8)
[20:24:40][INFO] Task T002: S1(1, 3) -> PACKING(14, 11)
[20:24:40][INFO] Task T003: S18(7, 6) -> OUTBOUND(14, 14)
[20:24:40][INFO] Task T004: S20(7, 13) -> PACKING(14, 11)
[20:24:40][INFO] Task T005: S2(1, 4) -> INBOUND(14, 8)
[20:24:40][INFO] Task T006: S9(6, 3) -> INBOUND(14, 8)
[20:24:40][INFO] Task T007: S17(7, 3) -> OUTBOUND(14, 14)
[20:24:40][INFO] Task T008: S1(1, 3) -> INBOUND(14, 8)
[20:24:40][INFO] Task T009: S5(1, 10) -> OUTBOUND(14, 14)
[20:24:40][INFO] Task T010: S1(1, 3) -> INBOUND(14, 8)
[20:24:40][INFO] Task T011: S11(6, 6) -> PACKING(14, 11)
[20:24:40][INFO] Task T012: S23(12, 11) -> OUTBOUND(14, 14)
[20:24:40][INFO] Task T013: S1(1, 3) -> PACKING(14, 11)
[20:24:40][INFO] Task T014: S6(1, 11) -> PACKING(14, 11)
[20:24:40][INFO] Task T015: S21(12, 4) -> OUTBOUND(14, 14)
[20:24:40][INFO] Task T016: S10(6, 4) -> INBOUND(14, 8)
[20:24:40][INFO] AGV 0: tasks=['T012', 'T009'], path_length=93
[20:24:40][INFO] AGV 1: tasks=['T015', 'T016'], path_length=77
[20:24:40][INFO] AGV 2: tasks=['T001', 'T007'], path_length=85
[20:24:40][INFO] AGV 3: tasks=['T004', 'T008'], path_length=95
[20:24:40][INFO] AGV 4: tasks=['T006', 'T010'], path_length=103
[20:24:40][INFO] AGV 5: tasks=['T003', 'T005'], path_length=121
[20:24:40][INFO] AGV 6: tasks=['T011', 'T002'], path_length=111
[20:24:40][INFO] AGV 7: tasks=['T014', 'T013'], path_length=131
[20:24:40][INFO] 
Route plan:
  AGV 0: tasks=['T012', 'T009'], planned_edges=92
    T012: (14, 1) -> S23(12, 11) (12 edges), then OUTBOUND(14, 14) (5 edges)
    T009: (14, 14) -> S5(1, 10) (17 edges), then OUTBOUND(14, 14) (17 edges)
    travel_edges=51, operation_wait_edges=12, avoidance_edges=29
  AGV 1: tasks=['T015', 'T016'], planned_edges=76
    T015: (14, 5) -> S21(12, 4) (3 edges), then OUTBOUND(14, 14) (12 edges)
    T016: (14, 14) -> S10(6, 4) (18 edges), then INBOUND(14, 8) (12 edges)
    travel_edges=45, operation_wait_edges=12, avoidance_edges=19
  AGV 2: tasks=['T001', 'T007'], planned_edges=84
    T001: (14, 7) -> S18(7, 6) (10 edges), then INBOUND(14, 8) (9 edges)
    T007: (14, 8) -> S17(7, 3) (12 edges), then OUTBOUND(14, 14) (18 edges)
    travel_edges=49, operation_wait_edges=12, avoidance_edges=23
  AGV 3: tasks=['T004', 'T008'], planned_edges=94
    T004: (14, 10) -> S20(7, 13) (10 edges), then PACKING(14, 11) (9 edges)
    T008: (14, 11) -> S1(1, 3) (21 edges), then INBOUND(14, 8) (18 edges)
    travel_edges=58, operation_wait_edges=12, avoidance_edges=24
  AGV 4: tasks=['T006', 'T010'], planned_edges=102
    T006: (13, 1) -> S9(6, 3) (9 edges), then INBOUND(14, 8) (13 edges)
    T010: (14, 8) -> S1(1, 3) (18 edges), then INBOUND(14, 8) (18 edges)
    travel_edges=58, operation_wait_edges=12, avoidance_edges=32
  AGV 5: tasks=['T003', 'T005'], planned_edges=120
    T003: (13, 5) -> S18(7, 6) (7 edges), then OUTBOUND(14, 14) (15 edges)
    T005: (14, 14) -> S2(1, 4) (23 edges), then INBOUND(14, 8) (17 edges)
    travel_edges=62, operation_wait_edges=12, avoidance_edges=46
  AGV 6: tasks=['T011', 'T002'], planned_edges=110
    T011: (13, 9) -> S11(6, 6) (10 edges), then PACKING(14, 11) (13 edges)
    T002: (14, 11) -> S1(1, 3) (21 edges), then PACKING(14, 11) (21 edges)
    travel_edges=65, operation_wait_edges=12, avoidance_edges=33
  AGV 7: tasks=['T014', 'T013'], planned_edges=130
    T014: (13, 13) -> S6(1, 11) (14 edges), then PACKING(14, 11) (15 edges)
    T013: (14, 11) -> S1(1, 3) (21 edges), then PACKING(14, 11) (21 edges)
    travel_edges=71, operation_wait_edges=12, avoidance_edges=47
[20:24:40][INFO] ==================================================
[20:24:40][INFO] 测试用例: warehouse_agv
[20:24:40][INFO] 仿真步数: 1500
[20:24:40][INFO] 总奖励:   0.00
[20:24:40][INFO] 结束原因: 达到最大步数 ✗
[20:24:40][INFO] --------------------------------------------------
[20:24:40][INFO]   Agent 0: ✗ 未到达 | 路径长=93 | 阻塞次数=1415
[20:24:40][INFO]   Agent 1: ✗ 未到达 | 路径长=77 | 阻塞次数=1432
[20:24:40][INFO]   Agent 2: ✗ 未到达 | 路径长=85 | 阻塞次数=0
[20:24:40][INFO]   Agent 3: ✗ 未到达 | 路径长=95 | 阻塞次数=1459
[20:24:40][INFO]   Agent 4: ✗ 未到达 | 路径长=103 | 阻塞次数=1416
[20:24:40][INFO]   Agent 5: ✗ 未到达 | 路径长=121 | 阻塞次数=1459
[20:24:40][INFO]   Agent 6: ✗ 未到达 | 路径长=111 | 阻塞次数=1404
[20:24:40][INFO]   Agent 7: ✗ 未到达 | 路径长=131 | 阻塞次数=1431
[20:24:40][INFO] ==================================================
[20:24:40][INFO] Animation saved: outputs/animations\warehouse_agv.svg
[20:24:40][INFO] Enhanced animation saved: outputs/animations/warehouse_agv_enhanced.svg
