[19:18:42][INFO] 日志文件: outputs/logs\warehouse_agv_20260615_191842.log
[19:18:42][INFO] Warehouse AGV simulation
[19:18:42][INFO] Task T001: S3(1, 10) -> INBOUND(14, 8)
[19:18:42][INFO] Task T002: S4(1, 13) -> PACKING(14, 11)
[19:18:42][INFO] Task T003: S1(1, 3) -> INBOUND(14, 8)
[19:18:42][INFO] Task T004: S6(6, 6) -> INBOUND(14, 8)
[19:18:42][INFO] Task T005: S3(1, 10) -> PACKING(14, 11)
[19:18:42][INFO] Task T006: S1(1, 3) -> PACKING(14, 11)
[19:18:42][INFO] Task T007: S12(12, 13) -> INBOUND(14, 8)
[19:18:42][INFO] Task T008: S10(12, 6) -> OUTBOUND(14, 14)
[19:18:42][INFO] AGV 0: tasks=['T006', 'T007', 'T008'], path_length=62
[19:18:42][INFO] AGV 1: tasks=['T003', 'T004', 'T005'], path_length=84
[19:18:42][INFO] AGV 2: tasks=[], path_length=1
[19:18:42][INFO] AGV 3: tasks=['T001', 'T002'], path_length=68
[19:18:42][INFO] ==================================================
[19:18:42][INFO] 测试用例: warehouse_agv
[19:18:42][INFO] 仿真步数: 84
[19:18:42][INFO] 总奖励:   4.00
[19:18:42][INFO] 结束原因: 所有智能体到达目标 ✓
[19:18:42][INFO] --------------------------------------------------
[19:18:42][INFO]   Agent 0: ✓ 到达 | 路径长=62 | 阻塞次数=1
[19:18:42][INFO]   Agent 1: ✓ 到达 | 路径长=84 | 阻塞次数=1
[19:18:42][INFO]   Agent 2: ✓ 到达 | 路径长=1 | 阻塞次数=0
[19:18:42][INFO]   Agent 3: ✓ 到达 | 路径长=68 | 阻塞次数=0
[19:18:42][INFO] ==================================================
[19:18:42][INFO] Animation saved: outputs/animations\warehouse_agv.svg
